-------------------------------------------------------------------------------
Test set: TestSuite
-------------------------------------------------------------------------------
Tests run: 1, Failures: 1, Errors: 0, Skipped: 0, Time elapsed: 9.98 s <<< FAILURE! - in TestSuite
openGoogle(openGoogle.test.GooglePageTest)  Time elapsed: 0.089 s  <<< FAILURE!
java.lang.NullPointerException
	at openGoogle.test.GooglePageTest.openGoogle(GooglePageTest.java:15)

